<?xml version="1.0" encoding="UTF-8"?>
<!-- Generated by org.testng.reporters.JUnitReportReporter -->
<testsuite skipped="1" hostname="LAPTOP-5HL5FKOC" name="demopr.loginte" tests="2" failures="0" timestamp="2020-02-22T15:54:30 IST" time="-1582367104.000" errors="1">
  <testcase name="CheckTitle" time="0.000" classname="demopr.loginte">
    <skipped/>
  </testcase> <!-- CheckTitle -->
  <testcase name="Driverinfo" time="-1582367104.000" classname="demopr.loginte">
    <error type="org.testng.TestNGException" message="
Parameter &#039;ChromeBrowser&#039; is required by BeforeSuite on method Driverinfo but has not been marked @Optional or defined
in C:\Users\user\eclipse-workspace\pro\testng.xml">
      <![CDATA[org.testng.TestNGException: 
Parameter 'ChromeBrowser' is required by BeforeSuite on method Driverinfo but has not been marked @Optional or defined
in C:\Users\user\eclipse-workspace\pro\testng.xml
at org.testng.internal.Parameters.createParams(Parameters.java:289)
at org.testng.internal.Parameters.createParametersForMethod(Parameters.java:377)
at org.testng.internal.Parameters.createParameters(Parameters.java:721)
at org.testng.internal.Parameters.createConfigurationParameters(Parameters.java:164)
at org.testng.internal.ConfigInvoker.invokeConfigurations(ConfigInvoker.java:275)
at org.testng.SuiteRunner.privateRun(SuiteRunner.java:345)
at org.testng.SuiteRunner.run(SuiteRunner.java:304)
at org.testng.SuiteRunnerWorker.runSuite(SuiteRunnerWorker.java:53)
at org.testng.SuiteRunnerWorker.run(SuiteRunnerWorker.java:96)
at org.testng.TestNG.runSuitesSequentially(TestNG.java:1180)
at org.testng.TestNG.runSuitesLocally(TestNG.java:1102)
at org.testng.TestNG.runSuites(TestNG.java:1032)
at org.testng.TestNG.run(TestNG.java:1000)
at org.testng.remote.AbstractRemoteTestNG.run(AbstractRemoteTestNG.java:115)
at org.testng.remote.RemoteTestNG.initAndRun(RemoteTestNG.java:251)
at org.testng.remote.RemoteTestNG.main(RemoteTestNG.java:77)
]]>
    </error>
  </testcase> <!-- Driverinfo -->
</testsuite> <!-- demopr.loginte -->
