<?xml version="1.0" encoding="UTF-8"?>
<!-- Generated by org.testng.reporters.JUnitReportReporter -->
<testsuite skipped="0" hostname="LAPTOP-5HL5FKOC" name="TestNg.Driver" tests="2" failures="0" timestamp="2020-02-11T15:16:44 IST" time="0.007" errors="0">
  <testcase name="launch" time="0.005" classname="TestNg.Driver"/>
  <testcase name="driverInfo" time="0.002" classname="TestNg.Driver"/>
</testsuite> <!-- TestNg.Driver -->
